<?xml version="1.0" encoding="UTF-8"?>
<testsuite xmlns:xsi="http://www.w3.org/2001/XMLSchema-instance" xsi:noNamespaceSchemaLocation="https://maven.apache.org/surefire/maven-surefire-plugin/xsd/surefire-test-report.xsd" name="com.example.restapi.RestapiApplicationTests" time="1.561" tests="0" errors="0" skipped="0" failures="0">
  <properties>
    <property name="sun.desktop" value="windows"/>
    <property name="awt.toolkit" value="sun.awt.windows.WToolkit"/>
    <property name="java.specification.version" value="11"/>
    <property name="sun.cpu.isalist" value="amd64"/>
    <property name="sun.jnu.encoding" value="MS949"/>
    <property name="java.class.path" value="D:\2020_Spring_home\SPRING\프로젝트\newTech\restapi\target\test-classes;D:\2020_Spring_home\SPRING\프로젝트\newTech\restapi\target\classes;C:\Users\msi\.m2\repository\org\springframework\boot\spring-boot-starter-jdbc\2.3.6.RELEASE\spring-boot-starter-jdbc-2.3.6.RELEASE.jar;C:\Users\msi\.m2\repository\org\springframework\boot\spring-boot-starter\2.3.6.RELEASE\spring-boot-starter-2.3.6.RELEASE.jar;C:\Users\msi\.m2\repository\org\springframework\boot\spring-boot-starter-logging\2.3.6.RELEASE\spring-boot-starter-logging-2.3.6.RELEASE.jar;C:\Users\msi\.m2\repository\ch\qos\logback\logback-classic\1.2.3\logback-classic-1.2.3.jar;C:\Users\msi\.m2\repository\ch\qos\logback\logback-core\1.2.3\logback-core-1.2.3.jar;C:\Users\msi\.m2\repository\org\apache\logging\log4j\log4j-to-slf4j\2.13.3\log4j-to-slf4j-2.13.3.jar;C:\Users\msi\.m2\repository\org\apache\logging\log4j\log4j-api\2.13.3\log4j-api-2.13.3.jar;C:\Users\msi\.m2\repository\org\slf4j\jul-to-slf4j\1.7.30\jul-to-slf4j-1.7.30.jar;C:\Users\msi\.m2\repository\jakarta\annotation\jakarta.annotation-api\1.3.5\jakarta.annotation-api-1.3.5.jar;C:\Users\msi\.m2\repository\org\yaml\snakeyaml\1.26\snakeyaml-1.26.jar;C:\Users\msi\.m2\repository\com\zaxxer\HikariCP\3.4.5\HikariCP-3.4.5.jar;C:\Users\msi\.m2\repository\org\slf4j\slf4j-api\1.7.30\slf4j-api-1.7.30.jar;C:\Users\msi\.m2\repository\org\springframework\spring-jdbc\5.2.11.RELEASE\spring-jdbc-5.2.11.RELEASE.jar;C:\Users\msi\.m2\repository\org\springframework\spring-beans\5.2.11.RELEASE\spring-beans-5.2.11.RELEASE.jar;C:\Users\msi\.m2\repository\org\springframework\spring-tx\5.2.11.RELEASE\spring-tx-5.2.11.RELEASE.jar;C:\Users\msi\.m2\repository\org\springframework\boot\spring-boot-starter-web\2.3.6.RELEASE\spring-boot-starter-web-2.3.6.RELEASE.jar;C:\Users\msi\.m2\repository\org\springframework\boot\spring-boot-starter-json\2.3.6.RELEASE\spring-boot-starter-json-2.3.6.RELEASE.jar;C:\Users\msi\.m2\repository\com\fasterxml\jackson\datatype\jackson-datatype-jdk8\2.11.3\jackson-datatype-jdk8-2.11.3.jar;C:\Users\msi\.m2\repository\com\fasterxml\jackson\datatype\jackson-datatype-jsr310\2.11.3\jackson-datatype-jsr310-2.11.3.jar;C:\Users\msi\.m2\repository\com\fasterxml\jackson\module\jackson-module-parameter-names\2.11.3\jackson-module-parameter-names-2.11.3.jar;C:\Users\msi\.m2\repository\org\springframework\boot\spring-boot-starter-tomcat\2.3.6.RELEASE\spring-boot-starter-tomcat-2.3.6.RELEASE.jar;C:\Users\msi\.m2\repository\org\glassfish\jakarta.el\3.0.3\jakarta.el-3.0.3.jar;C:\Users\msi\.m2\repository\org\apache\tomcat\embed\tomcat-embed-websocket\9.0.39\tomcat-embed-websocket-9.0.39.jar;C:\Users\msi\.m2\repository\org\springframework\spring-web\5.2.11.RELEASE\spring-web-5.2.11.RELEASE.jar;C:\Users\msi\.m2\repository\org\springframework\spring-webmvc\5.2.11.RELEASE\spring-webmvc-5.2.11.RELEASE.jar;C:\Users\msi\.m2\repository\org\springframework\spring-context\5.2.11.RELEASE\spring-context-5.2.11.RELEASE.jar;C:\Users\msi\.m2\repository\org\springframework\spring-expression\5.2.11.RELEASE\spring-expression-5.2.11.RELEASE.jar;C:\Users\msi\.m2\repository\org\springframework\boot\spring-boot-starter-web-services\2.3.6.RELEASE\spring-boot-starter-web-services-2.3.6.RELEASE.jar;C:\Users\msi\.m2\repository\com\sun\xml\messaging\saaj\saaj-impl\1.5.2\saaj-impl-1.5.2.jar;C:\Users\msi\.m2\repository\jakarta\xml\soap\jakarta.xml.soap-api\1.4.2\jakarta.xml.soap-api-1.4.2.jar;C:\Users\msi\.m2\repository\org\jvnet\staxex\stax-ex\1.8.3\stax-ex-1.8.3.jar;C:\Users\msi\.m2\repository\com\sun\activation\jakarta.activation\1.2.2\jakarta.activation-1.2.2.jar;C:\Users\msi\.m2\repository\jakarta\xml\ws\jakarta.xml.ws-api\2.3.3\jakarta.xml.ws-api-2.3.3.jar;C:\Users\msi\.m2\repository\jakarta\jws\jakarta.jws-api\2.1.0\jakarta.jws-api-2.1.0.jar;C:\Users\msi\.m2\repository\org\springframework\spring-oxm\5.2.11.RELEASE\spring-oxm-5.2.11.RELEASE.jar;C:\Users\msi\.m2\repository\org\springframework\ws\spring-ws-core\3.0.10.RELEASE\spring-ws-core-3.0.10.RELEASE.jar;C:\Users\msi\.m2\repository\org\springframework\ws\spring-xml\3.0.10.RELEASE\spring-xml-3.0.10.RELEASE.jar;C:\Users\msi\.m2\repository\org\springframework\boot\spring-boot-devtools\2.3.6.RELEASE\spring-boot-devtools-2.3.6.RELEASE.jar;C:\Users\msi\.m2\repository\org\springframework\boot\spring-boot\2.3.6.RELEASE\spring-boot-2.3.6.RELEASE.jar;C:\Users\msi\.m2\repository\org\springframework\boot\spring-boot-autoconfigure\2.3.6.RELEASE\spring-boot-autoconfigure-2.3.6.RELEASE.jar;C:\Users\msi\.m2\repository\mysql\mysql-connector-java\8.0.22\mysql-connector-java-8.0.22.jar;C:\Users\msi\.m2\repository\org\mybatis\spring\boot\mybatis-spring-boot-starter\2.1.2\mybatis-spring-boot-starter-2.1.2.jar;C:\Users\msi\.m2\repository\org\mybatis\spring\boot\mybatis-spring-boot-autoconfigure\2.1.2\mybatis-spring-boot-autoconfigure-2.1.2.jar;C:\Users\msi\.m2\repository\org\mybatis\mybatis\3.5.4\mybatis-3.5.4.jar;C:\Users\msi\.m2\repository\org\mybatis\mybatis-spring\2.0.4\mybatis-spring-2.0.4.jar;C:\Users\msi\.m2\repository\org\projectlombok\lombok\1.18.16\lombok-1.18.16.jar;C:\Users\msi\.m2\repository\org\springframework\boot\spring-boot-starter-test\2.3.6.RELEASE\spring-boot-starter-test-2.3.6.RELEASE.jar;C:\Users\msi\.m2\repository\org\springframework\boot\spring-boot-test\2.3.6.RELEASE\spring-boot-test-2.3.6.RELEASE.jar;C:\Users\msi\.m2\repository\org\springframework\boot\spring-boot-test-autoconfigure\2.3.6.RELEASE\spring-boot-test-autoconfigure-2.3.6.RELEASE.jar;C:\Users\msi\.m2\repository\com\jayway\jsonpath\json-path\2.4.0\json-path-2.4.0.jar;C:\Users\msi\.m2\repository\net\minidev\json-smart\2.3\json-smart-2.3.jar;C:\Users\msi\.m2\repository\net\minidev\accessors-smart\1.2\accessors-smart-1.2.jar;C:\Users\msi\.m2\repository\org\ow2\asm\asm\5.0.4\asm-5.0.4.jar;C:\Users\msi\.m2\repository\jakarta\xml\bind\jakarta.xml.bind-api\2.3.3\jakarta.xml.bind-api-2.3.3.jar;C:\Users\msi\.m2\repository\jakarta\activation\jakarta.activation-api\1.2.2\jakarta.activation-api-1.2.2.jar;C:\Users\msi\.m2\repository\org\assertj\assertj-core\3.16.1\assertj-core-3.16.1.jar;C:\Users\msi\.m2\repository\org\hamcrest\hamcrest\2.2\hamcrest-2.2.jar;C:\Users\msi\.m2\repository\org\junit\jupiter\junit-jupiter\5.6.3\junit-jupiter-5.6.3.jar;C:\Users\msi\.m2\repository\org\junit\jupiter\junit-jupiter-api\5.6.3\junit-jupiter-api-5.6.3.jar;C:\Users\msi\.m2\repository\org\apiguardian\apiguardian-api\1.1.0\apiguardian-api-1.1.0.jar;C:\Users\msi\.m2\repository\org\opentest4j\opentest4j\1.2.0\opentest4j-1.2.0.jar;C:\Users\msi\.m2\repository\org\junit\platform\junit-platform-commons\1.6.3\junit-platform-commons-1.6.3.jar;C:\Users\msi\.m2\repository\org\junit\jupiter\junit-jupiter-params\5.6.3\junit-jupiter-params-5.6.3.jar;C:\Users\msi\.m2\repository\org\junit\jupiter\junit-jupiter-engine\5.6.3\junit-jupiter-engine-5.6.3.jar;C:\Users\msi\.m2\repository\org\junit\platform\junit-platform-engine\1.6.3\junit-platform-engine-1.6.3.jar;C:\Users\msi\.m2\repository\org\mockito\mockito-core\3.3.3\mockito-core-3.3.3.jar;C:\Users\msi\.m2\repository\net\bytebuddy\byte-buddy\1.10.18\byte-buddy-1.10.18.jar;C:\Users\msi\.m2\repository\net\bytebuddy\byte-buddy-agent\1.10.18\byte-buddy-agent-1.10.18.jar;C:\Users\msi\.m2\repository\org\objenesis\objenesis\2.6\objenesis-2.6.jar;C:\Users\msi\.m2\repository\org\mockito\mockito-junit-jupiter\3.3.3\mockito-junit-jupiter-3.3.3.jar;C:\Users\msi\.m2\repository\org\skyscreamer\jsonassert\1.5.0\jsonassert-1.5.0.jar;C:\Users\msi\.m2\repository\com\vaadin\external\google\android-json\0.0.20131108.vaadin1\android-json-0.0.20131108.vaadin1.jar;C:\Users\msi\.m2\repository\org\springframework\spring-core\5.2.11.RELEASE\spring-core-5.2.11.RELEASE.jar;C:\Users\msi\.m2\repository\org\springframework\spring-jcl\5.2.11.RELEASE\spring-jcl-5.2.11.RELEASE.jar;C:\Users\msi\.m2\repository\org\springframework\spring-test\5.2.11.RELEASE\spring-test-5.2.11.RELEASE.jar;C:\Users\msi\.m2\repository\org\xmlunit\xmlunit-core\2.7.0\xmlunit-core-2.7.0.jar;C:\Users\msi\.m2\repository\javax\servlet\jstl\1.2\jstl-1.2.jar;C:\Users\msi\.m2\repository\org\apache\tomcat\embed\tomcat-embed-jasper\9.0.39\tomcat-embed-jasper-9.0.39.jar;C:\Users\msi\.m2\repository\org\apache\tomcat\embed\tomcat-embed-core\9.0.39\tomcat-embed-core-9.0.39.jar;C:\Users\msi\.m2\repository\org\apache\tomcat\tomcat-annotations-api\9.0.39\tomcat-annotations-api-9.0.39.jar;C:\Users\msi\.m2\repository\org\apache\tomcat\embed\tomcat-embed-el\9.0.39\tomcat-embed-el-9.0.39.jar;C:\Users\msi\.m2\repository\org\eclipse\jdt\ecj\3.18.0\ecj-3.18.0.jar;C:\Users\msi\.m2\repository\org\codehaus\groovy\groovy\2.5.13\groovy-2.5.13.jar;C:\Users\msi\.m2\repository\org\codehaus\groovy\groovy-ant\2.5.13\groovy-ant-2.5.13.jar;C:\Users\msi\.m2\repository\org\apache\ant\ant\1.9.15\ant-1.9.15.jar;C:\Users\msi\.m2\repository\org\apache\ant\ant-junit\1.9.15\ant-junit-1.9.15.jar;C:\Users\msi\.m2\repository\org\apache\ant\ant-launcher\1.9.15\ant-launcher-1.9.15.jar;C:\Users\msi\.m2\repository\org\apache\ant\ant-antlr\1.9.15\ant-antlr-1.9.15.jar;C:\Users\msi\.m2\repository\org\codehaus\groovy\groovy-cli-commons\2.5.13\groovy-cli-commons-2.5.13.jar;C:\Users\msi\.m2\repository\commons-cli\commons-cli\1.4\commons-cli-1.4.jar;C:\Users\msi\.m2\repository\org\codehaus\groovy\groovy-cli-picocli\2.5.13\groovy-cli-picocli-2.5.13.jar;C:\Users\msi\.m2\repository\info\picocli\picocli\4.3.2\picocli-4.3.2.jar;C:\Users\msi\.m2\repository\org\codehaus\groovy\groovy-console\2.5.13\groovy-console-2.5.13.jar;C:\Users\msi\.m2\repository\org\codehaus\groovy\groovy-datetime\2.5.13\groovy-datetime-2.5.13.jar;C:\Users\msi\.m2\repository\org\codehaus\groovy\groovy-docgenerator\2.5.13\groovy-docgenerator-2.5.13.jar;C:\Users\msi\.m2\repository\com\thoughtworks\qdox\qdox\1.12.1\qdox-1.12.1.jar;C:\Users\msi\.m2\repository\org\codehaus\groovy\groovy-groovydoc\2.5.13\groovy-groovydoc-2.5.13.jar;C:\Users\msi\.m2\repository\org\codehaus\groovy\groovy-groovysh\2.5.13\groovy-groovysh-2.5.13.jar;C:\Users\msi\.m2\repository\jline\jline\2.14.6\jline-2.14.6.jar;C:\Users\msi\.m2\repository\org\codehaus\groovy\groovy-jmx\2.5.13\groovy-jmx-2.5.13.jar;C:\Users\msi\.m2\repository\org\codehaus\groovy\groovy-json\2.5.13\groovy-json-2.5.13.jar;C:\Users\msi\.m2\repository\org\codehaus\groovy\groovy-jsr223\2.5.13\groovy-jsr223-2.5.13.jar;C:\Users\msi\.m2\repository\org\codehaus\groovy\groovy-macro\2.5.13\groovy-macro-2.5.13.jar;C:\Users\msi\.m2\repository\org\codehaus\groovy\groovy-nio\2.5.13\groovy-nio-2.5.13.jar;C:\Users\msi\.m2\repository\org\codehaus\groovy\groovy-servlet\2.5.13\groovy-servlet-2.5.13.jar;C:\Users\msi\.m2\repository\org\codehaus\groovy\groovy-sql\2.5.13\groovy-sql-2.5.13.jar;C:\Users\msi\.m2\repository\org\codehaus\groovy\groovy-swing\2.5.13\groovy-swing-2.5.13.jar;C:\Users\msi\.m2\repository\org\codehaus\groovy\groovy-templates\2.5.13\groovy-templates-2.5.13.jar;C:\Users\msi\.m2\repository\org\codehaus\groovy\groovy-test\2.5.13\groovy-test-2.5.13.jar;C:\Users\msi\.m2\repository\junit\junit\4.13.1\junit-4.13.1.jar;C:\Users\msi\.m2\repository\org\hamcrest\hamcrest-core\2.2\hamcrest-core-2.2.jar;C:\Users\msi\.m2\repository\org\codehaus\groovy\groovy-test-junit5\2.5.13\groovy-test-junit5-2.5.13.jar;C:\Users\msi\.m2\repository\org\junit\platform\junit-platform-launcher\1.6.3\junit-platform-launcher-1.6.3.jar;C:\Users\msi\.m2\repository\org\codehaus\groovy\groovy-testng\2.5.13\groovy-testng-2.5.13.jar;C:\Users\msi\.m2\repository\org\testng\testng\6.13.1\testng-6.13.1.jar;C:\Users\msi\.m2\repository\com\beust\jcommander\1.72\jcommander-1.72.jar;C:\Users\msi\.m2\repository\org\codehaus\groovy\groovy-xml\2.5.13\groovy-xml-2.5.13.jar;C:\Users\msi\.m2\repository\org\bgee\log4jdbc-log4j2\log4jdbc-log4j2-jdbc4.1\1.16\log4jdbc-log4j2-jdbc4.1-1.16.jar;C:\Users\msi\.m2\repository\io\jsonwebtoken\jjwt\0.9.1\jjwt-0.9.1.jar;C:\Users\msi\.m2\repository\com\fasterxml\jackson\core\jackson-databind\2.11.3\jackson-databind-2.11.3.jar;C:\Users\msi\.m2\repository\com\fasterxml\jackson\core\jackson-annotations\2.11.3\jackson-annotations-2.11.3.jar;C:\Users\msi\.m2\repository\com\fasterxml\jackson\core\jackson-core\2.11.3\jackson-core-2.11.3.jar;C:\Users\msi\.m2\repository\org\springframework\security\spring-security-test\5.3.5.RELEASE\spring-security-test-5.3.5.RELEASE.jar;C:\Users\msi\.m2\repository\org\springframework\security\spring-security-core\5.3.5.RELEASE\spring-security-core-5.3.5.RELEASE.jar;C:\Users\msi\.m2\repository\org\springframework\security\spring-security-web\5.3.5.RELEASE\spring-security-web-5.3.5.RELEASE.jar;C:\Users\msi\.m2\repository\org\springframework\boot\spring-boot-starter-security\2.3.6.RELEASE\spring-boot-starter-security-2.3.6.RELEASE.jar;C:\Users\msi\.m2\repository\org\springframework\spring-aop\5.2.11.RELEASE\spring-aop-5.2.11.RELEASE.jar;C:\Users\msi\.m2\repository\org\springframework\security\spring-security-config\5.3.5.RELEASE\spring-security-config-5.3.5.RELEASE.jar;C:\Users\msi\.m2\repository\com\amazonaws\aws-java-sdk\1.11.66\aws-java-sdk-1.11.66.jar;C:\Users\msi\.m2\repository\com\amazonaws\aws-java-sdk-pinpoint\1.11.792\aws-java-sdk-pinpoint-1.11.792.jar;C:\Users\msi\.m2\repository\com\amazonaws\jmespath-java\1.11.792\jmespath-java-1.11.792.jar;C:\Users\msi\.m2\repository\com\amazonaws\aws-java-sdk-xray\1.11.792\aws-java-sdk-xray-1.11.792.jar;C:\Users\msi\.m2\repository\com\amazonaws\aws-java-sdk-opsworkscm\1.11.792\aws-java-sdk-opsworkscm-1.11.792.jar;C:\Users\msi\.m2\repository\com\amazonaws\aws-java-sdk-support\1.11.792\aws-java-sdk-support-1.11.792.jar;C:\Users\msi\.m2\repository\com\amazonaws\aws-java-sdk-simpledb\1.11.792\aws-java-sdk-simpledb-1.11.792.jar;C:\Users\msi\.m2\repository\com\amazonaws\aws-java-sdk-servicecatalog\1.11.792\aws-java-sdk-servicecatalog-1.11.792.jar;C:\Users\msi\.m2\repository\com\amazonaws\aws-java-sdk-servermigration\1.11.792\aws-java-sdk-servermigration-1.11.792.jar;C:\Users\msi\.m2\repository\com\amazonaws\aws-java-sdk-simpleworkflow\1.11.792\aws-java-sdk-simpleworkflow-1.11.792.jar;C:\Users\msi\.m2\repository\com\amazonaws\aws-java-sdk-storagegateway\1.11.792\aws-java-sdk-storagegateway-1.11.792.jar;C:\Users\msi\.m2\repository\com\amazonaws\aws-java-sdk-route53\1.11.792\aws-java-sdk-route53-1.11.792.jar;C:\Users\msi\.m2\repository\com\amazonaws\aws-java-sdk-s3\1.11.792\aws-java-sdk-s3-1.11.792.jar;C:\Users\msi\.m2\repository\com\amazonaws\aws-java-sdk-importexport\1.11.792\aws-java-sdk-importexport-1.11.792.jar;C:\Users\msi\.m2\repository\com\amazonaws\aws-java-sdk-sts\1.11.792\aws-java-sdk-sts-1.11.792.jar;C:\Users\msi\.m2\repository\com\amazonaws\aws-java-sdk-sqs\1.11.792\aws-java-sdk-sqs-1.11.792.jar;C:\Users\msi\.m2\repository\com\amazonaws\aws-java-sdk-rds\1.11.792\aws-java-sdk-rds-1.11.792.jar;C:\Users\msi\.m2\repository\com\amazonaws\aws-java-sdk-redshift\1.11.792\aws-java-sdk-redshift-1.11.792.jar;C:\Users\msi\.m2\repository\com\amazonaws\aws-java-sdk-elasticbeanstalk\1.11.792\aws-java-sdk-elasticbeanstalk-1.11.792.jar;C:\Users\msi\.m2\repository\com\amazonaws\aws-java-sdk-glacier\1.11.792\aws-java-sdk-glacier-1.11.792.jar;C:\Users\msi\.m2\repository\com\amazonaws\aws-java-sdk-iam\1.11.792\aws-java-sdk-iam-1.11.792.jar;C:\Users\msi\.m2\repository\com\amazonaws\aws-java-sdk-datapipeline\1.11.792\aws-java-sdk-datapipeline-1.11.792.jar;C:\Users\msi\.m2\repository\com\amazonaws\aws-java-sdk-elasticloadbalancing\1.11.792\aws-java-sdk-elasticloadbalancing-1.11.792.jar;C:\Users\msi\.m2\repository\com\amazonaws\aws-java-sdk-elasticloadbalancingv2\1.11.792\aws-java-sdk-elasticloadbalancingv2-1.11.792.jar;C:\Users\msi\.m2\repository\com\amazonaws\aws-java-sdk-emr\1.11.792\aws-java-sdk-emr-1.11.792.jar;C:\Users\msi\.m2\repository\com\amazonaws\aws-java-sdk-elasticache\1.11.792\aws-java-sdk-elasticache-1.11.792.jar;C:\Users\msi\.m2\repository\com\amazonaws\aws-java-sdk-elastictranscoder\1.11.792\aws-java-sdk-elastictranscoder-1.11.792.jar;C:\Users\msi\.m2\repository\com\amazonaws\aws-java-sdk-ec2\1.11.792\aws-java-sdk-ec2-1.11.792.jar;C:\Users\msi\.m2\repository\com\amazonaws\aws-java-sdk-dynamodb\1.11.792\aws-java-sdk-dynamodb-1.11.792.jar;C:\Users\msi\.m2\repository\com\amazonaws\aws-java-sdk-sns\1.11.792\aws-java-sdk-sns-1.11.792.jar;C:\Users\msi\.m2\repository\com\amazonaws\aws-java-sdk-budgets\1.11.792\aws-java-sdk-budgets-1.11.792.jar;C:\Users\msi\.m2\repository\com\amazonaws\aws-java-sdk-cloudtrail\1.11.792\aws-java-sdk-cloudtrail-1.11.792.jar;C:\Users\msi\.m2\repository\com\amazonaws\aws-java-sdk-cloudwatch\1.11.792\aws-java-sdk-cloudwatch-1.11.792.jar;C:\Users\msi\.m2\repository\com\amazonaws\aws-java-sdk-logs\1.11.792\aws-java-sdk-logs-1.11.792.jar;C:\Users\msi\.m2\repository\com\amazonaws\aws-java-sdk-events\1.11.792\aws-java-sdk-events-1.11.792.jar;C:\Users\msi\.m2\repository\com\amazonaws\aws-java-sdk-cognitoidentity\1.11.792\aws-java-sdk-cognitoidentity-1.11.792.jar;C:\Users\msi\.m2\repository\com\amazonaws\aws-java-sdk-cognitosync\1.11.792\aws-java-sdk-cognitosync-1.11.792.jar;C:\Users\msi\.m2\repository\com\amazonaws\aws-java-sdk-directconnect\1.11.792\aws-java-sdk-directconnect-1.11.792.jar;C:\Users\msi\.m2\repository\com\amazonaws\aws-java-sdk-cloudformation\1.11.792\aws-java-sdk-cloudformation-1.11.792.jar;C:\Users\msi\.m2\repository\com\amazonaws\aws-java-sdk-cloudfront\1.11.792\aws-java-sdk-cloudfront-1.11.792.jar;C:\Users\msi\.m2\repository\com\amazonaws\aws-java-sdk-kinesis\1.11.792\aws-java-sdk-kinesis-1.11.792.jar;C:\Users\msi\.m2\repository\com\amazonaws\aws-java-sdk-opsworks\1.11.792\aws-java-sdk-opsworks-1.11.792.jar;C:\Users\msi\.m2\repository\com\amazonaws\aws-java-sdk-ses\1.11.792\aws-java-sdk-ses-1.11.792.jar;C:\Users\msi\.m2\repository\com\amazonaws\aws-java-sdk-autoscaling\1.11.792\aws-java-sdk-autoscaling-1.11.792.jar;C:\Users\msi\.m2\repository\com\amazonaws\aws-java-sdk-cloudsearch\1.11.792\aws-java-sdk-cloudsearch-1.11.792.jar;C:\Users\msi\.m2\repository\com\amazonaws\aws-java-sdk-cloudwatchmetrics\1.11.792\aws-java-sdk-cloudwatchmetrics-1.11.792.jar;C:\Users\msi\.m2\repository\com\amazonaws\aws-java-sdk-codedeploy\1.11.792\aws-java-sdk-codedeploy-1.11.792.jar;C:\Users\msi\.m2\repository\com\amazonaws\aws-java-sdk-codepipeline\1.11.792\aws-java-sdk-codepipeline-1.11.792.jar;C:\Users\msi\.m2\repository\com\amazonaws\aws-java-sdk-kms\1.11.792\aws-java-sdk-kms-1.11.792.jar;C:\Users\msi\.m2\repository\com\amazonaws\aws-java-sdk-config\1.11.792\aws-java-sdk-config-1.11.792.jar;C:\Users\msi\.m2\repository\com\amazonaws\aws-java-sdk-lambda\1.11.792\aws-java-sdk-lambda-1.11.792.jar;C:\Users\msi\.m2\repository\com\amazonaws\aws-java-sdk-ecs\1.11.792\aws-java-sdk-ecs-1.11.792.jar;C:\Users\msi\.m2\repository\com\amazonaws\aws-java-sdk-ecr\1.11.792\aws-java-sdk-ecr-1.11.792.jar;C:\Users\msi\.m2\repository\com\amazonaws\aws-java-sdk-cloudhsm\1.11.792\aws-java-sdk-cloudhsm-1.11.792.jar;C:\Users\msi\.m2\repository\com\amazonaws\aws-java-sdk-ssm\1.11.792\aws-java-sdk-ssm-1.11.792.jar;C:\Users\msi\.m2\repository\com\amazonaws\aws-java-sdk-workspaces\1.11.792\aws-java-sdk-workspaces-1.11.792.jar;C:\Users\msi\.m2\repository\com\amazonaws\aws-java-sdk-machinelearning\1.11.792\aws-java-sdk-machinelearning-1.11.792.jar;C:\Users\msi\.m2\repository\com\amazonaws\aws-java-sdk-directory\1.11.792\aws-java-sdk-directory-1.11.792.jar;C:\Users\msi\.m2\repository\com\amazonaws\aws-java-sdk-efs\1.11.792\aws-java-sdk-efs-1.11.792.jar;C:\Users\msi\.m2\repository\com\amazonaws\aws-java-sdk-codecommit\1.11.792\aws-java-sdk-codecommit-1.11.792.jar;C:\Users\msi\.m2\repository\com\amazonaws\aws-java-sdk-devicefarm\1.11.792\aws-java-sdk-devicefarm-1.11.792.jar;C:\Users\msi\.m2\repository\com\amazonaws\aws-java-sdk-elasticsearch\1.11.792\aws-java-sdk-elasticsearch-1.11.792.jar;C:\Users\msi\.m2\repository\com\amazonaws\aws-java-sdk-waf\1.11.792\aws-java-sdk-waf-1.11.792.jar;C:\Users\msi\.m2\repository\com\amazonaws\aws-java-sdk-marketplacecommerceanalytics\1.11.792\aws-java-sdk-marketplacecommerceanalytics-1.11.792.jar;C:\Users\msi\.m2\repository\com\amazonaws\aws-java-sdk-inspector\1.11.792\aws-java-sdk-inspector-1.11.792.jar;C:\Users\msi\.m2\repository\com\amazonaws\aws-java-sdk-iot\1.11.792\aws-java-sdk-iot-1.11.792.jar;C:\Users\msi\.m2\repository\com\amazonaws\aws-java-sdk-api-gateway\1.11.792\aws-java-sdk-api-gateway-1.11.792.jar;C:\Users\msi\.m2\repository\com\amazonaws\aws-java-sdk-acm\1.11.792\aws-java-sdk-acm-1.11.792.jar;C:\Users\msi\.m2\repository\com\amazonaws\aws-java-sdk-gamelift\1.11.792\aws-java-sdk-gamelift-1.11.792.jar;C:\Users\msi\.m2\repository\com\amazonaws\aws-java-sdk-dms\1.11.792\aws-java-sdk-dms-1.11.792.jar;C:\Users\msi\.m2\repository\com\amazonaws\aws-java-sdk-marketplacemeteringservice\1.11.792\aws-java-sdk-marketplacemeteringservice-1.11.792.jar;C:\Users\msi\.m2\repository\com\amazonaws\aws-java-sdk-cognitoidp\1.11.792\aws-java-sdk-cognitoidp-1.11.792.jar;C:\Users\msi\.m2\repository\com\amazonaws\aws-java-sdk-discovery\1.11.792\aws-java-sdk-discovery-1.11.792.jar;C:\Users\msi\.m2\repository\com\amazonaws\aws-java-sdk-applicationautoscaling\1.11.792\aws-java-sdk-applicationautoscaling-1.11.792.jar;C:\Users\msi\.m2\repository\com\amazonaws\aws-java-sdk-snowball\1.11.792\aws-java-sdk-snowball-1.11.792.jar;C:\Users\msi\.m2\repository\com\amazonaws\aws-java-sdk-rekognition\1.11.792\aws-java-sdk-rekognition-1.11.792.jar;C:\Users\msi\.m2\repository\com\amazonaws\aws-java-sdk-polly\1.11.792\aws-java-sdk-polly-1.11.792.jar;C:\Users\msi\.m2\repository\com\amazonaws\aws-java-sdk-lightsail\1.11.792\aws-java-sdk-lightsail-1.11.792.jar;C:\Users\msi\.m2\repository\com\amazonaws\aws-java-sdk-stepfunctions\1.11.792\aws-java-sdk-stepfunctions-1.11.792.jar;C:\Users\msi\.m2\repository\com\amazonaws\aws-java-sdk-health\1.11.792\aws-java-sdk-health-1.11.792.jar;C:\Users\msi\.m2\repository\com\amazonaws\aws-java-sdk-codebuild\1.11.792\aws-java-sdk-codebuild-1.11.792.jar;C:\Users\msi\.m2\repository\com\amazonaws\aws-java-sdk-appstream\1.11.792\aws-java-sdk-appstream-1.11.792.jar;C:\Users\msi\.m2\repository\com\amazonaws\aws-java-sdk-shield\1.11.792\aws-java-sdk-shield-1.11.792.jar;C:\Users\msi\.m2\repository\com\amazonaws\aws-java-sdk-core\1.11.792\aws-java-sdk-core-1.11.792.jar;C:\Users\msi\.m2\repository\org\apache\httpcomponents\httpclient\4.5.13\httpclient-4.5.13.jar;C:\Users\msi\.m2\repository\org\apache\httpcomponents\httpcore\4.4.13\httpcore-4.4.13.jar;C:\Users\msi\.m2\repository\commons-codec\commons-codec\1.14\commons-codec-1.14.jar;C:\Users\msi\.m2\repository\software\amazon\ion\ion-java\1.0.2\ion-java-1.0.2.jar;C:\Users\msi\.m2\repository\com\fasterxml\jackson\dataformat\jackson-dataformat-cbor\2.11.3\jackson-dataformat-cbor-2.11.3.jar;C:\Users\msi\.m2\repository\joda-time\joda-time\2.8.1\joda-time-2.8.1.jar;C:\Users\msi\.m2\repository\com\amazonaws\aws-java-sdk-models\1.11.792\aws-java-sdk-models-1.11.792.jar;C:\Users\msi\.m2\repository\com\amazonaws\aws-java-sdk-swf-libraries\1.11.22\aws-java-sdk-swf-libraries-1.11.22.jar;C:\Users\msi\.m2\repository\commons-fileupload\commons-fileupload\1.2\commons-fileupload-1.2.jar;C:\Users\msi\.m2\repository\commons-io\commons-io\1.3.2\commons-io-1.3.2.jar;C:\Users\msi\.m2\repository\org\springframework\boot\spring-boot-starter-data-jpa\2.3.6.RELEASE\spring-boot-starter-data-jpa-2.3.6.RELEASE.jar;C:\Users\msi\.m2\repository\org\springframework\boot\spring-boot-starter-aop\2.3.6.RELEASE\spring-boot-starter-aop-2.3.6.RELEASE.jar;C:\Users\msi\.m2\repository\org\aspectj\aspectjweaver\1.9.6\aspectjweaver-1.9.6.jar;C:\Users\msi\.m2\repository\jakarta\transaction\jakarta.transaction-api\1.3.3\jakarta.transaction-api-1.3.3.jar;C:\Users\msi\.m2\repository\jakarta\persistence\jakarta.persistence-api\2.2.3\jakarta.persistence-api-2.2.3.jar;C:\Users\msi\.m2\repository\org\hibernate\hibernate-core\5.4.23.Final\hibernate-core-5.4.23.Final.jar;C:\Users\msi\.m2\repository\org\jboss\logging\jboss-logging\3.4.1.Final\jboss-logging-3.4.1.Final.jar;C:\Users\msi\.m2\repository\org\javassist\javassist\3.24.0-GA\javassist-3.24.0-GA.jar;C:\Users\msi\.m2\repository\antlr\antlr\2.7.7\antlr-2.7.7.jar;C:\Users\msi\.m2\repository\org\jboss\jandex\2.1.3.Final\jandex-2.1.3.Final.jar;C:\Users\msi\.m2\repository\com\fasterxml\classmate\1.5.1\classmate-1.5.1.jar;C:\Users\msi\.m2\repository\org\dom4j\dom4j\2.1.3\dom4j-2.1.3.jar;C:\Users\msi\.m2\repository\org\hibernate\common\hibernate-commons-annotations\5.1.2.Final\hibernate-commons-annotations-5.1.2.Final.jar;C:\Users\msi\.m2\repository\org\glassfish\jaxb\jaxb-runtime\2.3.3\jaxb-runtime-2.3.3.jar;C:\Users\msi\.m2\repository\org\glassfish\jaxb\txw2\2.3.3\txw2-2.3.3.jar;C:\Users\msi\.m2\repository\com\sun\istack\istack-commons-runtime\3.0.11\istack-commons-runtime-3.0.11.jar;C:\Users\msi\.m2\repository\org\springframework\data\spring-data-jpa\2.3.5.RELEASE\spring-data-jpa-2.3.5.RELEASE.jar;C:\Users\msi\.m2\repository\org\springframework\data\spring-data-commons\2.3.5.RELEASE\spring-data-commons-2.3.5.RELEASE.jar;C:\Users\msi\.m2\repository\org\springframework\spring-orm\5.2.11.RELEASE\spring-orm-5.2.11.RELEASE.jar;C:\Users\msi\.m2\repository\org\springframework\spring-aspects\5.2.11.RELEASE\spring-aspects-5.2.11.RELEASE.jar;"/>
    <property name="java.vm.vendor" value="AdoptOpenJDK"/>
    <property name="sun.arch.data.model" value="64"/>
    <property name="user.variant" value=""/>
    <property name="java.vendor.url" value="https://adoptopenjdk.net/"/>
    <property name="user.timezone" value="Asia/Seoul"/>
    <property name="java.vm.specification.version" value="11"/>
    <property name="os.name" value="Windows 10"/>
    <property name="sun.java.launcher" value="SUN_STANDARD"/>
    <property name="user.country" value="KR"/>
    <property name="sun.boot.library.path" value="C:\Program Files\AdoptOpenJDK\jdk-11.0.8.10-hotspot\bin"/>
    <property name="sun.java.command" value="C:\Users\msi\AppData\Local\Temp\surefire8038497889384521388\surefirebooter3018923952110137353.jar C:\Users\msi\AppData\Local\Temp\surefire8038497889384521388 2020-12-02T01-24-13_755-jvmRun1 surefire5501239520476056572tmp surefire_0187425500946903801tmp"/>
    <property name="jdk.debug" value="release"/>
    <property name="surefire.test.class.path" value="D:\2020_Spring_home\SPRING\프로젝트\newTech\restapi\target\test-classes;D:\2020_Spring_home\SPRING\프로젝트\newTech\restapi\target\classes;C:\Users\msi\.m2\repository\org\springframework\boot\spring-boot-starter-jdbc\2.3.6.RELEASE\spring-boot-starter-jdbc-2.3.6.RELEASE.jar;C:\Users\msi\.m2\repository\org\springframework\boot\spring-boot-starter\2.3.6.RELEASE\spring-boot-starter-2.3.6.RELEASE.jar;C:\Users\msi\.m2\repository\org\springframework\boot\spring-boot-starter-logging\2.3.6.RELEASE\spring-boot-starter-logging-2.3.6.RELEASE.jar;C:\Users\msi\.m2\repository\ch\qos\logback\logback-classic\1.2.3\logback-classic-1.2.3.jar;C:\Users\msi\.m2\repository\ch\qos\logback\logback-core\1.2.3\logback-core-1.2.3.jar;C:\Users\msi\.m2\repository\org\apache\logging\log4j\log4j-to-slf4j\2.13.3\log4j-to-slf4j-2.13.3.jar;C:\Users\msi\.m2\repository\org\apache\logging\log4j\log4j-api\2.13.3\log4j-api-2.13.3.jar;C:\Users\msi\.m2\repository\org\slf4j\jul-to-slf4j\1.7.30\jul-to-slf4j-1.7.30.jar;C:\Users\msi\.m2\repository\jakarta\annotation\jakarta.annotation-api\1.3.5\jakarta.annotation-api-1.3.5.jar;C:\Users\msi\.m2\repository\org\yaml\snakeyaml\1.26\snakeyaml-1.26.jar;C:\Users\msi\.m2\repository\com\zaxxer\HikariCP\3.4.5\HikariCP-3.4.5.jar;C:\Users\msi\.m2\repository\org\slf4j\slf4j-api\1.7.30\slf4j-api-1.7.30.jar;C:\Users\msi\.m2\repository\org\springframework\spring-jdbc\5.2.11.RELEASE\spring-jdbc-5.2.11.RELEASE.jar;C:\Users\msi\.m2\repository\org\springframework\spring-beans\5.2.11.RELEASE\spring-beans-5.2.11.RELEASE.jar;C:\Users\msi\.m2\repository\org\springframework\spring-tx\5.2.11.RELEASE\spring-tx-5.2.11.RELEASE.jar;C:\Users\msi\.m2\repository\org\springframework\boot\spring-boot-starter-web\2.3.6.RELEASE\spring-boot-starter-web-2.3.6.RELEASE.jar;C:\Users\msi\.m2\repository\org\springframework\boot\spring-boot-starter-json\2.3.6.RELEASE\spring-boot-starter-json-2.3.6.RELEASE.jar;C:\Users\msi\.m2\repository\com\fasterxml\jackson\datatype\jackson-datatype-jdk8\2.11.3\jackson-datatype-jdk8-2.11.3.jar;C:\Users\msi\.m2\repository\com\fasterxml\jackson\datatype\jackson-datatype-jsr310\2.11.3\jackson-datatype-jsr310-2.11.3.jar;C:\Users\msi\.m2\repository\com\fasterxml\jackson\module\jackson-module-parameter-names\2.11.3\jackson-module-parameter-names-2.11.3.jar;C:\Users\msi\.m2\repository\org\springframework\boot\spring-boot-starter-tomcat\2.3.6.RELEASE\spring-boot-starter-tomcat-2.3.6.RELEASE.jar;C:\Users\msi\.m2\repository\org\glassfish\jakarta.el\3.0.3\jakarta.el-3.0.3.jar;C:\Users\msi\.m2\repository\org\apache\tomcat\embed\tomcat-embed-websocket\9.0.39\tomcat-embed-websocket-9.0.39.jar;C:\Users\msi\.m2\repository\org\springframework\spring-web\5.2.11.RELEASE\spring-web-5.2.11.RELEASE.jar;C:\Users\msi\.m2\repository\org\springframework\spring-webmvc\5.2.11.RELEASE\spring-webmvc-5.2.11.RELEASE.jar;C:\Users\msi\.m2\repository\org\springframework\spring-context\5.2.11.RELEASE\spring-context-5.2.11.RELEASE.jar;C:\Users\msi\.m2\repository\org\springframework\spring-expression\5.2.11.RELEASE\spring-expression-5.2.11.RELEASE.jar;C:\Users\msi\.m2\repository\org\springframework\boot\spring-boot-starter-web-services\2.3.6.RELEASE\spring-boot-starter-web-services-2.3.6.RELEASE.jar;C:\Users\msi\.m2\repository\com\sun\xml\messaging\saaj\saaj-impl\1.5.2\saaj-impl-1.5.2.jar;C:\Users\msi\.m2\repository\jakarta\xml\soap\jakarta.xml.soap-api\1.4.2\jakarta.xml.soap-api-1.4.2.jar;C:\Users\msi\.m2\repository\org\jvnet\staxex\stax-ex\1.8.3\stax-ex-1.8.3.jar;C:\Users\msi\.m2\repository\com\sun\activation\jakarta.activation\1.2.2\jakarta.activation-1.2.2.jar;C:\Users\msi\.m2\repository\jakarta\xml\ws\jakarta.xml.ws-api\2.3.3\jakarta.xml.ws-api-2.3.3.jar;C:\Users\msi\.m2\repository\jakarta\jws\jakarta.jws-api\2.1.0\jakarta.jws-api-2.1.0.jar;C:\Users\msi\.m2\repository\org\springframework\spring-oxm\5.2.11.RELEASE\spring-oxm-5.2.11.RELEASE.jar;C:\Users\msi\.m2\repository\org\springframework\ws\spring-ws-core\3.0.10.RELEASE\spring-ws-core-3.0.10.RELEASE.jar;C:\Users\msi\.m2\repository\org\springframework\ws\spring-xml\3.0.10.RELEASE\spring-xml-3.0.10.RELEASE.jar;C:\Users\msi\.m2\repository\org\springframework\boot\spring-boot-devtools\2.3.6.RELEASE\spring-boot-devtools-2.3.6.RELEASE.jar;C:\Users\msi\.m2\repository\org\springframework\boot\spring-boot\2.3.6.RELEASE\spring-boot-2.3.6.RELEASE.jar;C:\Users\msi\.m2\repository\org\springframework\boot\spring-boot-autoconfigure\2.3.6.RELEASE\spring-boot-autoconfigure-2.3.6.RELEASE.jar;C:\Users\msi\.m2\repository\mysql\mysql-connector-java\8.0.22\mysql-connector-java-8.0.22.jar;C:\Users\msi\.m2\repository\org\mybatis\spring\boot\mybatis-spring-boot-starter\2.1.2\mybatis-spring-boot-starter-2.1.2.jar;C:\Users\msi\.m2\repository\org\mybatis\spring\boot\mybatis-spring-boot-autoconfigure\2.1.2\mybatis-spring-boot-autoconfigure-2.1.2.jar;C:\Users\msi\.m2\repository\org\mybatis\mybatis\3.5.4\mybatis-3.5.4.jar;C:\Users\msi\.m2\repository\org\mybatis\mybatis-spring\2.0.4\mybatis-spring-2.0.4.jar;C:\Users\msi\.m2\repository\org\projectlombok\lombok\1.18.16\lombok-1.18.16.jar;C:\Users\msi\.m2\repository\org\springframework\boot\spring-boot-starter-test\2.3.6.RELEASE\spring-boot-starter-test-2.3.6.RELEASE.jar;C:\Users\msi\.m2\repository\org\springframework\boot\spring-boot-test\2.3.6.RELEASE\spring-boot-test-2.3.6.RELEASE.jar;C:\Users\msi\.m2\repository\org\springframework\boot\spring-boot-test-autoconfigure\2.3.6.RELEASE\spring-boot-test-autoconfigure-2.3.6.RELEASE.jar;C:\Users\msi\.m2\repository\com\jayway\jsonpath\json-path\2.4.0\json-path-2.4.0.jar;C:\Users\msi\.m2\repository\net\minidev\json-smart\2.3\json-smart-2.3.jar;C:\Users\msi\.m2\repository\net\minidev\accessors-smart\1.2\accessors-smart-1.2.jar;C:\Users\msi\.m2\repository\org\ow2\asm\asm\5.0.4\asm-5.0.4.jar;C:\Users\msi\.m2\repository\jakarta\xml\bind\jakarta.xml.bind-api\2.3.3\jakarta.xml.bind-api-2.3.3.jar;C:\Users\msi\.m2\repository\jakarta\activation\jakarta.activation-api\1.2.2\jakarta.activation-api-1.2.2.jar;C:\Users\msi\.m2\repository\org\assertj\assertj-core\3.16.1\assertj-core-3.16.1.jar;C:\Users\msi\.m2\repository\org\hamcrest\hamcrest\2.2\hamcrest-2.2.jar;C:\Users\msi\.m2\repository\org\junit\jupiter\junit-jupiter\5.6.3\junit-jupiter-5.6.3.jar;C:\Users\msi\.m2\repository\org\junit\jupiter\junit-jupiter-api\5.6.3\junit-jupiter-api-5.6.3.jar;C:\Users\msi\.m2\repository\org\apiguardian\apiguardian-api\1.1.0\apiguardian-api-1.1.0.jar;C:\Users\msi\.m2\repository\org\opentest4j\opentest4j\1.2.0\opentest4j-1.2.0.jar;C:\Users\msi\.m2\repository\org\junit\platform\junit-platform-commons\1.6.3\junit-platform-commons-1.6.3.jar;C:\Users\msi\.m2\repository\org\junit\jupiter\junit-jupiter-params\5.6.3\junit-jupiter-params-5.6.3.jar;C:\Users\msi\.m2\repository\org\junit\jupiter\junit-jupiter-engine\5.6.3\junit-jupiter-engine-5.6.3.jar;C:\Users\msi\.m2\repository\org\junit\platform\junit-platform-engine\1.6.3\junit-platform-engine-1.6.3.jar;C:\Users\msi\.m2\repository\org\mockito\mockito-core\3.3.3\mockito-core-3.3.3.jar;C:\Users\msi\.m2\repository\net\bytebuddy\byte-buddy\1.10.18\byte-buddy-1.10.18.jar;C:\Users\msi\.m2\repository\net\bytebuddy\byte-buddy-agent\1.10.18\byte-buddy-agent-1.10.18.jar;C:\Users\msi\.m2\repository\org\objenesis\objenesis\2.6\objenesis-2.6.jar;C:\Users\msi\.m2\repository\org\mockito\mockito-junit-jupiter\3.3.3\mockito-junit-jupiter-3.3.3.jar;C:\Users\msi\.m2\repository\org\skyscreamer\jsonassert\1.5.0\jsonassert-1.5.0.jar;C:\Users\msi\.m2\repository\com\vaadin\external\google\android-json\0.0.20131108.vaadin1\android-json-0.0.20131108.vaadin1.jar;C:\Users\msi\.m2\repository\org\springframework\spring-core\5.2.11.RELEASE\spring-core-5.2.11.RELEASE.jar;C:\Users\msi\.m2\repository\org\springframework\spring-jcl\5.2.11.RELEASE\spring-jcl-5.2.11.RELEASE.jar;C:\Users\msi\.m2\repository\org\springframework\spring-test\5.2.11.RELEASE\spring-test-5.2.11.RELEASE.jar;C:\Users\msi\.m2\repository\org\xmlunit\xmlunit-core\2.7.0\xmlunit-core-2.7.0.jar;C:\Users\msi\.m2\repository\javax\servlet\jstl\1.2\jstl-1.2.jar;C:\Users\msi\.m2\repository\org\apache\tomcat\embed\tomcat-embed-jasper\9.0.39\tomcat-embed-jasper-9.0.39.jar;C:\Users\msi\.m2\repository\org\apache\tomcat\embed\tomcat-embed-core\9.0.39\tomcat-embed-core-9.0.39.jar;C:\Users\msi\.m2\repository\org\apache\tomcat\tomcat-annotations-api\9.0.39\tomcat-annotations-api-9.0.39.jar;C:\Users\msi\.m2\repository\org\apache\tomcat\embed\tomcat-embed-el\9.0.39\tomcat-embed-el-9.0.39.jar;C:\Users\msi\.m2\repository\org\eclipse\jdt\ecj\3.18.0\ecj-3.18.0.jar;C:\Users\msi\.m2\repository\org\codehaus\groovy\groovy\2.5.13\groovy-2.5.13.jar;C:\Users\msi\.m2\repository\org\codehaus\groovy\groovy-ant\2.5.13\groovy-ant-2.5.13.jar;C:\Users\msi\.m2\repository\org\apache\ant\ant\1.9.15\ant-1.9.15.jar;C:\Users\msi\.m2\repository\org\apache\ant\ant-junit\1.9.15\ant-junit-1.9.15.jar;C:\Users\msi\.m2\repository\org\apache\ant\ant-launcher\1.9.15\ant-launcher-1.9.15.jar;C:\Users\msi\.m2\repository\org\apache\ant\ant-antlr\1.9.15\ant-antlr-1.9.15.jar;C:\Users\msi\.m2\repository\org\codehaus\groovy\groovy-cli-commons\2.5.13\groovy-cli-commons-2.5.13.jar;C:\Users\msi\.m2\repository\commons-cli\commons-cli\1.4\commons-cli-1.4.jar;C:\Users\msi\.m2\repository\org\codehaus\groovy\groovy-cli-picocli\2.5.13\groovy-cli-picocli-2.5.13.jar;C:\Users\msi\.m2\repository\info\picocli\picocli\4.3.2\picocli-4.3.2.jar;C:\Users\msi\.m2\repository\org\codehaus\groovy\groovy-console\2.5.13\groovy-console-2.5.13.jar;C:\Users\msi\.m2\repository\org\codehaus\groovy\groovy-datetime\2.5.13\groovy-datetime-2.5.13.jar;C:\Users\msi\.m2\repository\org\codehaus\groovy\groovy-docgenerator\2.5.13\groovy-docgenerator-2.5.13.jar;C:\Users\msi\.m2\repository\com\thoughtworks\qdox\qdox\1.12.1\qdox-1.12.1.jar;C:\Users\msi\.m2\repository\org\codehaus\groovy\groovy-groovydoc\2.5.13\groovy-groovydoc-2.5.13.jar;C:\Users\msi\.m2\repository\org\codehaus\groovy\groovy-groovysh\2.5.13\groovy-groovysh-2.5.13.jar;C:\Users\msi\.m2\repository\jline\jline\2.14.6\jline-2.14.6.jar;C:\Users\msi\.m2\repository\org\codehaus\groovy\groovy-jmx\2.5.13\groovy-jmx-2.5.13.jar;C:\Users\msi\.m2\repository\org\codehaus\groovy\groovy-json\2.5.13\groovy-json-2.5.13.jar;C:\Users\msi\.m2\repository\org\codehaus\groovy\groovy-jsr223\2.5.13\groovy-jsr223-2.5.13.jar;C:\Users\msi\.m2\repository\org\codehaus\groovy\groovy-macro\2.5.13\groovy-macro-2.5.13.jar;C:\Users\msi\.m2\repository\org\codehaus\groovy\groovy-nio\2.5.13\groovy-nio-2.5.13.jar;C:\Users\msi\.m2\repository\org\codehaus\groovy\groovy-servlet\2.5.13\groovy-servlet-2.5.13.jar;C:\Users\msi\.m2\repository\org\codehaus\groovy\groovy-sql\2.5.13\groovy-sql-2.5.13.jar;C:\Users\msi\.m2\repository\org\codehaus\groovy\groovy-swing\2.5.13\groovy-swing-2.5.13.jar;C:\Users\msi\.m2\repository\org\codehaus\groovy\groovy-templates\2.5.13\groovy-templates-2.5.13.jar;C:\Users\msi\.m2\repository\org\codehaus\groovy\groovy-test\2.5.13\groovy-test-2.5.13.jar;C:\Users\msi\.m2\repository\junit\junit\4.13.1\junit-4.13.1.jar;C:\Users\msi\.m2\repository\org\hamcrest\hamcrest-core\2.2\hamcrest-core-2.2.jar;C:\Users\msi\.m2\repository\org\codehaus\groovy\groovy-test-junit5\2.5.13\groovy-test-junit5-2.5.13.jar;C:\Users\msi\.m2\repository\org\junit\platform\junit-platform-launcher\1.6.3\junit-platform-launcher-1.6.3.jar;C:\Users\msi\.m2\repository\org\codehaus\groovy\groovy-testng\2.5.13\groovy-testng-2.5.13.jar;C:\Users\msi\.m2\repository\org\testng\testng\6.13.1\testng-6.13.1.jar;C:\Users\msi\.m2\repository\com\beust\jcommander\1.72\jcommander-1.72.jar;C:\Users\msi\.m2\repository\org\codehaus\groovy\groovy-xml\2.5.13\groovy-xml-2.5.13.jar;C:\Users\msi\.m2\repository\org\bgee\log4jdbc-log4j2\log4jdbc-log4j2-jdbc4.1\1.16\log4jdbc-log4j2-jdbc4.1-1.16.jar;C:\Users\msi\.m2\repository\io\jsonwebtoken\jjwt\0.9.1\jjwt-0.9.1.jar;C:\Users\msi\.m2\repository\com\fasterxml\jackson\core\jackson-databind\2.11.3\jackson-databind-2.11.3.jar;C:\Users\msi\.m2\repository\com\fasterxml\jackson\core\jackson-annotations\2.11.3\jackson-annotations-2.11.3.jar;C:\Users\msi\.m2\repository\com\fasterxml\jackson\core\jackson-core\2.11.3\jackson-core-2.11.3.jar;C:\Users\msi\.m2\repository\org\springframework\security\spring-security-test\5.3.5.RELEASE\spring-security-test-5.3.5.RELEASE.jar;C:\Users\msi\.m2\repository\org\springframework\security\spring-security-core\5.3.5.RELEASE\spring-security-core-5.3.5.RELEASE.jar;C:\Users\msi\.m2\repository\org\springframework\security\spring-security-web\5.3.5.RELEASE\spring-security-web-5.3.5.RELEASE.jar;C:\Users\msi\.m2\repository\org\springframework\boot\spring-boot-starter-security\2.3.6.RELEASE\spring-boot-starter-security-2.3.6.RELEASE.jar;C:\Users\msi\.m2\repository\org\springframework\spring-aop\5.2.11.RELEASE\spring-aop-5.2.11.RELEASE.jar;C:\Users\msi\.m2\repository\org\springframework\security\spring-security-config\5.3.5.RELEASE\spring-security-config-5.3.5.RELEASE.jar;C:\Users\msi\.m2\repository\com\amazonaws\aws-java-sdk\1.11.66\aws-java-sdk-1.11.66.jar;C:\Users\msi\.m2\repository\com\amazonaws\aws-java-sdk-pinpoint\1.11.792\aws-java-sdk-pinpoint-1.11.792.jar;C:\Users\msi\.m2\repository\com\amazonaws\jmespath-java\1.11.792\jmespath-java-1.11.792.jar;C:\Users\msi\.m2\repository\com\amazonaws\aws-java-sdk-xray\1.11.792\aws-java-sdk-xray-1.11.792.jar;C:\Users\msi\.m2\repository\com\amazonaws\aws-java-sdk-opsworkscm\1.11.792\aws-java-sdk-opsworkscm-1.11.792.jar;C:\Users\msi\.m2\repository\com\amazonaws\aws-java-sdk-support\1.11.792\aws-java-sdk-support-1.11.792.jar;C:\Users\msi\.m2\repository\com\amazonaws\aws-java-sdk-simpledb\1.11.792\aws-java-sdk-simpledb-1.11.792.jar;C:\Users\msi\.m2\repository\com\amazonaws\aws-java-sdk-servicecatalog\1.11.792\aws-java-sdk-servicecatalog-1.11.792.jar;C:\Users\msi\.m2\repository\com\amazonaws\aws-java-sdk-servermigration\1.11.792\aws-java-sdk-servermigration-1.11.792.jar;C:\Users\msi\.m2\repository\com\amazonaws\aws-java-sdk-simpleworkflow\1.11.792\aws-java-sdk-simpleworkflow-1.11.792.jar;C:\Users\msi\.m2\repository\com\amazonaws\aws-java-sdk-storagegateway\1.11.792\aws-java-sdk-storagegateway-1.11.792.jar;C:\Users\msi\.m2\repository\com\amazonaws\aws-java-sdk-route53\1.11.792\aws-java-sdk-route53-1.11.792.jar;C:\Users\msi\.m2\repository\com\amazonaws\aws-java-sdk-s3\1.11.792\aws-java-sdk-s3-1.11.792.jar;C:\Users\msi\.m2\repository\com\amazonaws\aws-java-sdk-importexport\1.11.792\aws-java-sdk-importexport-1.11.792.jar;C:\Users\msi\.m2\repository\com\amazonaws\aws-java-sdk-sts\1.11.792\aws-java-sdk-sts-1.11.792.jar;C:\Users\msi\.m2\repository\com\amazonaws\aws-java-sdk-sqs\1.11.792\aws-java-sdk-sqs-1.11.792.jar;C:\Users\msi\.m2\repository\com\amazonaws\aws-java-sdk-rds\1.11.792\aws-java-sdk-rds-1.11.792.jar;C:\Users\msi\.m2\repository\com\amazonaws\aws-java-sdk-redshift\1.11.792\aws-java-sdk-redshift-1.11.792.jar;C:\Users\msi\.m2\repository\com\amazonaws\aws-java-sdk-elasticbeanstalk\1.11.792\aws-java-sdk-elasticbeanstalk-1.11.792.jar;C:\Users\msi\.m2\repository\com\amazonaws\aws-java-sdk-glacier\1.11.792\aws-java-sdk-glacier-1.11.792.jar;C:\Users\msi\.m2\repository\com\amazonaws\aws-java-sdk-iam\1.11.792\aws-java-sdk-iam-1.11.792.jar;C:\Users\msi\.m2\repository\com\amazonaws\aws-java-sdk-datapipeline\1.11.792\aws-java-sdk-datapipeline-1.11.792.jar;C:\Users\msi\.m2\repository\com\amazonaws\aws-java-sdk-elasticloadbalancing\1.11.792\aws-java-sdk-elasticloadbalancing-1.11.792.jar;C:\Users\msi\.m2\repository\com\amazonaws\aws-java-sdk-elasticloadbalancingv2\1.11.792\aws-java-sdk-elasticloadbalancingv2-1.11.792.jar;C:\Users\msi\.m2\repository\com\amazonaws\aws-java-sdk-emr\1.11.792\aws-java-sdk-emr-1.11.792.jar;C:\Users\msi\.m2\repository\com\amazonaws\aws-java-sdk-elasticache\1.11.792\aws-java-sdk-elasticache-1.11.792.jar;C:\Users\msi\.m2\repository\com\amazonaws\aws-java-sdk-elastictranscoder\1.11.792\aws-java-sdk-elastictranscoder-1.11.792.jar;C:\Users\msi\.m2\repository\com\amazonaws\aws-java-sdk-ec2\1.11.792\aws-java-sdk-ec2-1.11.792.jar;C:\Users\msi\.m2\repository\com\amazonaws\aws-java-sdk-dynamodb\1.11.792\aws-java-sdk-dynamodb-1.11.792.jar;C:\Users\msi\.m2\repository\com\amazonaws\aws-java-sdk-sns\1.11.792\aws-java-sdk-sns-1.11.792.jar;C:\Users\msi\.m2\repository\com\amazonaws\aws-java-sdk-budgets\1.11.792\aws-java-sdk-budgets-1.11.792.jar;C:\Users\msi\.m2\repository\com\amazonaws\aws-java-sdk-cloudtrail\1.11.792\aws-java-sdk-cloudtrail-1.11.792.jar;C:\Users\msi\.m2\repository\com\amazonaws\aws-java-sdk-cloudwatch\1.11.792\aws-java-sdk-cloudwatch-1.11.792.jar;C:\Users\msi\.m2\repository\com\amazonaws\aws-java-sdk-logs\1.11.792\aws-java-sdk-logs-1.11.792.jar;C:\Users\msi\.m2\repository\com\amazonaws\aws-java-sdk-events\1.11.792\aws-java-sdk-events-1.11.792.jar;C:\Users\msi\.m2\repository\com\amazonaws\aws-java-sdk-cognitoidentity\1.11.792\aws-java-sdk-cognitoidentity-1.11.792.jar;C:\Users\msi\.m2\repository\com\amazonaws\aws-java-sdk-cognitosync\1.11.792\aws-java-sdk-cognitosync-1.11.792.jar;C:\Users\msi\.m2\repository\com\amazonaws\aws-java-sdk-directconnect\1.11.792\aws-java-sdk-directconnect-1.11.792.jar;C:\Users\msi\.m2\repository\com\amazonaws\aws-java-sdk-cloudformation\1.11.792\aws-java-sdk-cloudformation-1.11.792.jar;C:\Users\msi\.m2\repository\com\amazonaws\aws-java-sdk-cloudfront\1.11.792\aws-java-sdk-cloudfront-1.11.792.jar;C:\Users\msi\.m2\repository\com\amazonaws\aws-java-sdk-kinesis\1.11.792\aws-java-sdk-kinesis-1.11.792.jar;C:\Users\msi\.m2\repository\com\amazonaws\aws-java-sdk-opsworks\1.11.792\aws-java-sdk-opsworks-1.11.792.jar;C:\Users\msi\.m2\repository\com\amazonaws\aws-java-sdk-ses\1.11.792\aws-java-sdk-ses-1.11.792.jar;C:\Users\msi\.m2\repository\com\amazonaws\aws-java-sdk-autoscaling\1.11.792\aws-java-sdk-autoscaling-1.11.792.jar;C:\Users\msi\.m2\repository\com\amazonaws\aws-java-sdk-cloudsearch\1.11.792\aws-java-sdk-cloudsearch-1.11.792.jar;C:\Users\msi\.m2\repository\com\amazonaws\aws-java-sdk-cloudwatchmetrics\1.11.792\aws-java-sdk-cloudwatchmetrics-1.11.792.jar;C:\Users\msi\.m2\repository\com\amazonaws\aws-java-sdk-codedeploy\1.11.792\aws-java-sdk-codedeploy-1.11.792.jar;C:\Users\msi\.m2\repository\com\amazonaws\aws-java-sdk-codepipeline\1.11.792\aws-java-sdk-codepipeline-1.11.792.jar;C:\Users\msi\.m2\repository\com\amazonaws\aws-java-sdk-kms\1.11.792\aws-java-sdk-kms-1.11.792.jar;C:\Users\msi\.m2\repository\com\amazonaws\aws-java-sdk-config\1.11.792\aws-java-sdk-config-1.11.792.jar;C:\Users\msi\.m2\repository\com\amazonaws\aws-java-sdk-lambda\1.11.792\aws-java-sdk-lambda-1.11.792.jar;C:\Users\msi\.m2\repository\com\amazonaws\aws-java-sdk-ecs\1.11.792\aws-java-sdk-ecs-1.11.792.jar;C:\Users\msi\.m2\repository\com\amazonaws\aws-java-sdk-ecr\1.11.792\aws-java-sdk-ecr-1.11.792.jar;C:\Users\msi\.m2\repository\com\amazonaws\aws-java-sdk-cloudhsm\1.11.792\aws-java-sdk-cloudhsm-1.11.792.jar;C:\Users\msi\.m2\repository\com\amazonaws\aws-java-sdk-ssm\1.11.792\aws-java-sdk-ssm-1.11.792.jar;C:\Users\msi\.m2\repository\com\amazonaws\aws-java-sdk-workspaces\1.11.792\aws-java-sdk-workspaces-1.11.792.jar;C:\Users\msi\.m2\repository\com\amazonaws\aws-java-sdk-machinelearning\1.11.792\aws-java-sdk-machinelearning-1.11.792.jar;C:\Users\msi\.m2\repository\com\amazonaws\aws-java-sdk-directory\1.11.792\aws-java-sdk-directory-1.11.792.jar;C:\Users\msi\.m2\repository\com\amazonaws\aws-java-sdk-efs\1.11.792\aws-java-sdk-efs-1.11.792.jar;C:\Users\msi\.m2\repository\com\amazonaws\aws-java-sdk-codecommit\1.11.792\aws-java-sdk-codecommit-1.11.792.jar;C:\Users\msi\.m2\repository\com\amazonaws\aws-java-sdk-devicefarm\1.11.792\aws-java-sdk-devicefarm-1.11.792.jar;C:\Users\msi\.m2\repository\com\amazonaws\aws-java-sdk-elasticsearch\1.11.792\aws-java-sdk-elasticsearch-1.11.792.jar;C:\Users\msi\.m2\repository\com\amazonaws\aws-java-sdk-waf\1.11.792\aws-java-sdk-waf-1.11.792.jar;C:\Users\msi\.m2\repository\com\amazonaws\aws-java-sdk-marketplacecommerceanalytics\1.11.792\aws-java-sdk-marketplacecommerceanalytics-1.11.792.jar;C:\Users\msi\.m2\repository\com\amazonaws\aws-java-sdk-inspector\1.11.792\aws-java-sdk-inspector-1.11.792.jar;C:\Users\msi\.m2\repository\com\amazonaws\aws-java-sdk-iot\1.11.792\aws-java-sdk-iot-1.11.792.jar;C:\Users\msi\.m2\repository\com\amazonaws\aws-java-sdk-api-gateway\1.11.792\aws-java-sdk-api-gateway-1.11.792.jar;C:\Users\msi\.m2\repository\com\amazonaws\aws-java-sdk-acm\1.11.792\aws-java-sdk-acm-1.11.792.jar;C:\Users\msi\.m2\repository\com\amazonaws\aws-java-sdk-gamelift\1.11.792\aws-java-sdk-gamelift-1.11.792.jar;C:\Users\msi\.m2\repository\com\amazonaws\aws-java-sdk-dms\1.11.792\aws-java-sdk-dms-1.11.792.jar;C:\Users\msi\.m2\repository\com\amazonaws\aws-java-sdk-marketplacemeteringservice\1.11.792\aws-java-sdk-marketplacemeteringservice-1.11.792.jar;C:\Users\msi\.m2\repository\com\amazonaws\aws-java-sdk-cognitoidp\1.11.792\aws-java-sdk-cognitoidp-1.11.792.jar;C:\Users\msi\.m2\repository\com\amazonaws\aws-java-sdk-discovery\1.11.792\aws-java-sdk-discovery-1.11.792.jar;C:\Users\msi\.m2\repository\com\amazonaws\aws-java-sdk-applicationautoscaling\1.11.792\aws-java-sdk-applicationautoscaling-1.11.792.jar;C:\Users\msi\.m2\repository\com\amazonaws\aws-java-sdk-snowball\1.11.792\aws-java-sdk-snowball-1.11.792.jar;C:\Users\msi\.m2\repository\com\amazonaws\aws-java-sdk-rekognition\1.11.792\aws-java-sdk-rekognition-1.11.792.jar;C:\Users\msi\.m2\repository\com\amazonaws\aws-java-sdk-polly\1.11.792\aws-java-sdk-polly-1.11.792.jar;C:\Users\msi\.m2\repository\com\amazonaws\aws-java-sdk-lightsail\1.11.792\aws-java-sdk-lightsail-1.11.792.jar;C:\Users\msi\.m2\repository\com\amazonaws\aws-java-sdk-stepfunctions\1.11.792\aws-java-sdk-stepfunctions-1.11.792.jar;C:\Users\msi\.m2\repository\com\amazonaws\aws-java-sdk-health\1.11.792\aws-java-sdk-health-1.11.792.jar;C:\Users\msi\.m2\repository\com\amazonaws\aws-java-sdk-codebuild\1.11.792\aws-java-sdk-codebuild-1.11.792.jar;C:\Users\msi\.m2\repository\com\amazonaws\aws-java-sdk-appstream\1.11.792\aws-java-sdk-appstream-1.11.792.jar;C:\Users\msi\.m2\repository\com\amazonaws\aws-java-sdk-shield\1.11.792\aws-java-sdk-shield-1.11.792.jar;C:\Users\msi\.m2\repository\com\amazonaws\aws-java-sdk-core\1.11.792\aws-java-sdk-core-1.11.792.jar;C:\Users\msi\.m2\repository\org\apache\httpcomponents\httpclient\4.5.13\httpclient-4.5.13.jar;C:\Users\msi\.m2\repository\org\apache\httpcomponents\httpcore\4.4.13\httpcore-4.4.13.jar;C:\Users\msi\.m2\repository\commons-codec\commons-codec\1.14\commons-codec-1.14.jar;C:\Users\msi\.m2\repository\software\amazon\ion\ion-java\1.0.2\ion-java-1.0.2.jar;C:\Users\msi\.m2\repository\com\fasterxml\jackson\dataformat\jackson-dataformat-cbor\2.11.3\jackson-dataformat-cbor-2.11.3.jar;C:\Users\msi\.m2\repository\joda-time\joda-time\2.8.1\joda-time-2.8.1.jar;C:\Users\msi\.m2\repository\com\amazonaws\aws-java-sdk-models\1.11.792\aws-java-sdk-models-1.11.792.jar;C:\Users\msi\.m2\repository\com\amazonaws\aws-java-sdk-swf-libraries\1.11.22\aws-java-sdk-swf-libraries-1.11.22.jar;C:\Users\msi\.m2\repository\commons-fileupload\commons-fileupload\1.2\commons-fileupload-1.2.jar;C:\Users\msi\.m2\repository\commons-io\commons-io\1.3.2\commons-io-1.3.2.jar;C:\Users\msi\.m2\repository\org\springframework\boot\spring-boot-starter-data-jpa\2.3.6.RELEASE\spring-boot-starter-data-jpa-2.3.6.RELEASE.jar;C:\Users\msi\.m2\repository\org\springframework\boot\spring-boot-starter-aop\2.3.6.RELEASE\spring-boot-starter-aop-2.3.6.RELEASE.jar;C:\Users\msi\.m2\repository\org\aspectj\aspectjweaver\1.9.6\aspectjweaver-1.9.6.jar;C:\Users\msi\.m2\repository\jakarta\transaction\jakarta.transaction-api\1.3.3\jakarta.transaction-api-1.3.3.jar;C:\Users\msi\.m2\repository\jakarta\persistence\jakarta.persistence-api\2.2.3\jakarta.persistence-api-2.2.3.jar;C:\Users\msi\.m2\repository\org\hibernate\hibernate-core\5.4.23.Final\hibernate-core-5.4.23.Final.jar;C:\Users\msi\.m2\repository\org\jboss\logging\jboss-logging\3.4.1.Final\jboss-logging-3.4.1.Final.jar;C:\Users\msi\.m2\repository\org\javassist\javassist\3.24.0-GA\javassist-3.24.0-GA.jar;C:\Users\msi\.m2\repository\antlr\antlr\2.7.7\antlr-2.7.7.jar;C:\Users\msi\.m2\repository\org\jboss\jandex\2.1.3.Final\jandex-2.1.3.Final.jar;C:\Users\msi\.m2\repository\com\fasterxml\classmate\1.5.1\classmate-1.5.1.jar;C:\Users\msi\.m2\repository\org\dom4j\dom4j\2.1.3\dom4j-2.1.3.jar;C:\Users\msi\.m2\repository\org\hibernate\common\hibernate-commons-annotations\5.1.2.Final\hibernate-commons-annotations-5.1.2.Final.jar;C:\Users\msi\.m2\repository\org\glassfish\jaxb\jaxb-runtime\2.3.3\jaxb-runtime-2.3.3.jar;C:\Users\msi\.m2\repository\org\glassfish\jaxb\txw2\2.3.3\txw2-2.3.3.jar;C:\Users\msi\.m2\repository\com\sun\istack\istack-commons-runtime\3.0.11\istack-commons-runtime-3.0.11.jar;C:\Users\msi\.m2\repository\org\springframework\data\spring-data-jpa\2.3.5.RELEASE\spring-data-jpa-2.3.5.RELEASE.jar;C:\Users\msi\.m2\repository\org\springframework\data\spring-data-commons\2.3.5.RELEASE\spring-data-commons-2.3.5.RELEASE.jar;C:\Users\msi\.m2\repository\org\springframework\spring-orm\5.2.11.RELEASE\spring-orm-5.2.11.RELEASE.jar;C:\Users\msi\.m2\repository\org\springframework\spring-aspects\5.2.11.RELEASE\spring-aspects-5.2.11.RELEASE.jar;"/>
    <property name="sun.cpu.endian" value="little"/>
    <property name="user.home" value="C:\Users\msi"/>
    <property name="user.language" value="ko"/>
    <property name="java.specification.vendor" value="Oracle Corporation"/>
    <property name="java.version.date" value="2020-07-14"/>
    <property name="java.home" value="C:\Program Files\AdoptOpenJDK\jdk-11.0.8.10-hotspot"/>
    <property name="file.separator" value="\"/>
    <property name="basedir" value="D:\2020_Spring_home\SPRING\프로젝트\newTech\restapi"/>
    <property name="java.vm.compressedOopsMode" value="32-bit"/>
    <property name="line.separator" value="&#10;"/>
    <property name="java.specification.name" value="Java Platform API Specification"/>
    <property name="java.vm.specification.vendor" value="Oracle Corporation"/>
    <property name="java.awt.graphicsenv" value="sun.awt.Win32GraphicsEnvironment"/>
    <property name="surefire.real.class.path" value="C:\Users\msi\AppData\Local\Temp\surefire8038497889384521388\surefirebooter3018923952110137353.jar"/>
    <property name="user.script" value=""/>
    <property name="sun.management.compiler" value="HotSpot 64-Bit Tiered Compilers"/>
    <property name="java.runtime.version" value="11.0.8+10"/>
    <property name="user.name" value="msi"/>
    <property name="path.separator" value=";"/>
    <property name="os.version" value="10.0"/>
    <property name="java.runtime.name" value="OpenJDK Runtime Environment"/>
    <property name="file.encoding" value="MS949"/>
    <property name="java.vm.name" value="OpenJDK 64-Bit Server VM"/>
    <property name="java.vendor.version" value="AdoptOpenJDK"/>
    <property name="localRepository" value="C:\Users\msi\.m2\repository"/>
    <property name="java.vendor.url.bug" value="https://github.com/AdoptOpenJDK/openjdk-support/issues"/>
    <property name="java.io.tmpdir" value="C:\Users\msi\AppData\Local\Temp\"/>
    <property name="java.version" value="11.0.8"/>
    <property name="user.dir" value="D:\2020_Spring_home\SPRING\프로젝트\newTech\restapi"/>
    <property name="os.arch" value="amd64"/>
    <property name="java.vm.specification.name" value="Java Virtual Machine Specification"/>
    <property name="java.awt.printerjob" value="sun.awt.windows.WPrinterJob"/>
    <property name="sun.os.patch.level" value=""/>
    <property name="java.library.path" value="C:\Program Files\AdoptOpenJDK\jdk-11.0.8.10-hotspot\bin;C:\WINDOWS\Sun\Java\bin;C:\WINDOWS\system32;C:\WINDOWS;C:\Program Files\AdoptOpenJDK\jdk-11.0.8.10-hotspot\\bin\;C:\Program Files\MySQL\mysql-8.0.20-winx64\bin;C:\oracle\product\11.2.0\dbhome_1\bin;C:\MinGW\bin;C:\Program Files\NVIDIA GPU Computing Toolkit\CUDA\v10.0\bin;C:\Program Files\NVIDIA GPU Computing Toolkit\CUDA\v10.0\libnvvp;C:\WINDOWS\system32;C:\WINDOWS;C:\WINDOWS\System32\Wbem;C:\WINDOWS\System32\WindowsPowerShell\v1.0\;C:\Users\msi\AppData\Local\Programs\Python\Python36;C:\Users\msi\AppData\Local\Programs\Python\Python36\Scripts;C:\Program Files\dotnet\;C:\WINDOWS\System32\OpenSSH\;C:\Program Files (x86)\NVIDIA Corporation\PhysX\Common;C:\Program Files\doxygen\bin;C:\Program Files\nodejs\;C:\Program Files\PuTTY\;C:\AutoSet10\Server\conf\;C:\AutoSet10\Server\bin\;C:\WINDOWS\system32;C:\WINDOWS;C:\WINDOWS\System32\Wbem;C:\WINDOWS\System32\WindowsPowerShell\v1.0\;C:\WINDOWS\System32\OpenSSH\;C:\Program Files\NVIDIA Corporation\NVIDIA NvDLISR;C:\ffmpeg\bin;C:\gradle-6.6.1\bin;C:\Program Files\Git\cmd;D:\2020_Spring_home\SPRING\apache-maven-3.6.3-bin\apache-maven-3.6.3\bin;C:\Users\msi\AppData\Local\atom\bin;C:\Users\msi\AppData\Local\Programs\Microsoft VS Code\bin;."/>
    <property name="java.vm.info" value="mixed mode"/>
    <property name="java.vendor" value="AdoptOpenJDK"/>
    <property name="java.vm.version" value="11.0.8+10"/>
    <property name="sun.io.unicode.encoding" value="UnicodeLittle"/>
    <property name="java.class.version" value="55.0"/>
  </properties>
</testsuite>